0 info it worked if it ends with ok
1 verbose cli [ 'C:\\Program Files\\nodejs\\node.exe',
1 verbose cli   'C:\\Program Files\\nodejs\\node_modules\\npm\\bin\\npm-cli.js',
1 verbose cli   'run',
1 verbose cli   'dev-server' ]
2 info using npm@3.10.10
3 info using node@v6.10.0
4 verbose run-script [ 'predev-server', 'dev-server', 'postdev-server' ]
5 info lifecycle blockchain-app@1.0.0~predev-server: blockchain-app@1.0.0
6 silly lifecycle blockchain-app@1.0.0~predev-server: no script for predev-server, continuing
7 info lifecycle blockchain-app@1.0.0~dev-server: blockchain-app@1.0.0
8 verbose lifecycle blockchain-app@1.0.0~dev-server: unsafe-perm in lifecycle true
9 verbose lifecycle blockchain-app@1.0.0~dev-server: PATH: C:\Program Files\nodejs\node_modules\npm\bin\node-gyp-bin;F:\Final Year Project\Server 2\Frontend\frontend\node_modules\.bin;C:\ProgramData\Oracle\Java\javapath;C:\Program Files (x86)\Common Files\Intel\Shared Files\cpp\bin\Intel64;C:\Program Files (x86)\Lenovo\FusionEngine;C:\Program Files (x86)\Intel\iCLS Client\;C:\Program Files\Intel\iCLS Client\;C:\windows\system32;C:\windows;C:\windows\System32\Wbem;C:\windows\System32\WindowsPowerShell\v1.0\;C:\Program Files (x86)\ATI Technologies\ATI.ACE\Core-Static;C:\Program Files\Intel\Intel(R) Management Engine Components\DAL;C:\Program Files (x86)\Intel\Intel(R) Management Engine Components\DAL;C:\Program Files\Intel\Intel(R) Management Engine Components\IPT;C:\Program Files (x86)\Intel\Intel(R) Management Engine Components\IPT;C:\Program Files\nodejs\;C:\Program Files\Git\cmd;C:\Program Files (x86)\Skype\Phone\;C:\HashiCorp\Vagrant\bin;C:\Program Files\MySQL\MySQL Utilities 1.6\;F:\cmder;C:\Users\Gags\AppData\Local\Programs\Python\Python35-32\Scripts\;C:\Users\Gags\AppData\Local\Programs\Python\Python35-32\;C:\Users\Gags\AppData\Local\Programs\Python\Python36-32\Scripts\;C:\Users\Gags\AppData\Local\Programs\Python\Python36-32\;C:\Python34;F:\cmder\cmder.exe;C:\Program Files\Java\jdk1.8.0_131\bin;C:\Ruby22-x64\bin;C:\Users\Gags\AppData\Roaming\npm;C:\Program Files\Microsoft VS Code\bin;D:\cygwin-b20\H-i586-cygwin32\bin
10 verbose lifecycle blockchain-app@1.0.0~dev-server: CWD: F:\Final Year Project\Server 2\Frontend\frontend
11 silly lifecycle blockchain-app@1.0.0~dev-server: Args: [ '/d /s /c', 'webpack-dev-server' ]
12 silly lifecycle blockchain-app@1.0.0~dev-server: Returned: code: 3221225786  signal: null
13 info lifecycle blockchain-app@1.0.0~dev-server: Failed to exec dev-server script
14 verbose stack Error: blockchain-app@1.0.0 dev-server: `webpack-dev-server`
14 verbose stack Exit status 3221225786
14 verbose stack     at EventEmitter.<anonymous> (C:\Program Files\nodejs\node_modules\npm\lib\utils\lifecycle.js:255:16)
14 verbose stack     at emitTwo (events.js:106:13)
14 verbose stack     at EventEmitter.emit (events.js:191:7)
14 verbose stack     at ChildProcess.<anonymous> (C:\Program Files\nodejs\node_modules\npm\lib\utils\spawn.js:40:14)
14 verbose stack     at emitTwo (events.js:106:13)
14 verbose stack     at ChildProcess.emit (events.js:191:7)
14 verbose stack     at maybeClose (internal/child_process.js:877:16)
14 verbose stack     at Process.ChildProcess._handle.onexit (internal/child_process.js:226:5)
15 verbose pkgid blockchain-app@1.0.0
16 verbose cwd F:\Final Year Project\Server 2\Frontend\frontend
17 error Windows_NT 6.3.9600
18 error argv "C:\\Program Files\\nodejs\\node.exe" "C:\\Program Files\\nodejs\\node_modules\\npm\\bin\\npm-cli.js" "run" "dev-server"
19 error node v6.10.0
20 error npm  v3.10.10
21 error code ELIFECYCLE
22 error blockchain-app@1.0.0 dev-server: `webpack-dev-server`
22 error Exit status 3221225786
23 error Failed at the blockchain-app@1.0.0 dev-server script 'webpack-dev-server'.
23 error Make sure you have the latest version of node.js and npm installed.
23 error If you do, this is most likely a problem with the blockchain-app package,
23 error not with npm itself.
23 error Tell the author that this fails on your system:
23 error     webpack-dev-server
23 error You can get information on how to open an issue for this project with:
23 error     npm bugs blockchain-app
23 error Or if that isn't available, you can get their info via:
23 error     npm owner ls blockchain-app
23 error There is likely additional logging output above.
24 verbose exit [ 1, true ]
